#
# There is insufficient memory for the Java Runtime Environment to continue.
# Native memory allocation (malloc) failed to allocate 1670784 bytes for Chunk::new
# Possible reasons:
#   The system is out of physical RAM or swap space
#   The process is running with CompressedOops enabled, and the Java Heap may be blocking the growth of the native heap
# Possible solutions:
#   Reduce memory load on the system
#   Increase physical memory or swap space
#   Check if swap backing store is full
#   Decrease Java heap size (-Xmx/-Xms)
#   Decrease number of Java threads
#   Decrease Java thread stack sizes (-Xss)
#   Set larger code cache with -XX:ReservedCodeCacheSize=
#   JVM is running with Zero Based Compressed Oops mode in which the Java heap is
#     placed in the first 32GB address space. The Java Heap base address is the
#     maximum limit for the native heap growth. Please use -XX:HeapBaseMinAddress
#     to set the Java Heap base and to place the Java Heap above 32GB virtual address.
# This output file may be truncated or incomplete.
#
#  Out of Memory Error (arena.cpp:189), pid=2480, tid=25628
#
# JRE version: Java(TM) SE Runtime Environment (17.0.9+11) (build 17.0.9+11-LTS-201)
# Java VM: Java HotSpot(TM) 64-Bit Server VM (17.0.9+11-LTS-201, mixed mode, sharing, tiered, compressed oops, compressed class ptrs, g1 gc, windows-amd64)
# No core dump will be written. Minidumps are not enabled by default on client versions of Windows
#

---------------  S U M M A R Y ------------

Command Line: c:\Users\paula\.vscode\extensions\salesforce.salesforce-vscode-slds-2.0.12\lsp-2.0.12-executable.jar --PORT=50954

Host: AMD Ryzen 5 4600H with Radeon Graphics         , 12 cores, 23G,  Windows 11 , 64 bit Build 26100 (10.0.26100.3912)
Time: Wed Jun  4 17:39:35 2025 FLE Daylight Time elapsed time: 3.772186 seconds (0d 0h 0m 3s)

---------------  T H R E A D  ---------------

Current thread (0x000001aaaba71230):  JavaThread "C2 CompilerThread1" daemon [_thread_in_native, id=25628, stack(0x0000004e96600000,0x0000004e96700000)]


Current CompileTask:
C2:   3772 2042       4       jdk.internal.org.objectweb.asm.Frame::execute (2305 bytes)

Stack: [0x0000004e96600000,0x0000004e96700000]
Native frames: (J=compiled Java code, j=interpreted, Vv=VM code, C=native code)
V  [jvm.dll+0x678a4a]
V  [jvm.dll+0x7d9cfd]
V  [jvm.dll+0x7db60e]
V  [jvm.dll+0x7dbc73]
V  [jvm.dll+0x245e1f]
V  [jvm.dll+0xaaafb]
V  [jvm.dll+0xab09c]
V  [jvm.dll+0x36237e]
V  [jvm.dll+0x32ca01]
V  [jvm.dll+0x32be9a]
V  [jvm.dll+0x21812f]
V  [jvm.dll+0x217561]
V  [jvm.dll+0x1a3bc0]
V  [jvm.dll+0x2272de]
V  [jvm.dll+0x22548b]
V  [jvm.dll+0x78f58c]
V  [jvm.dll+0x78998a]
V  [jvm.dll+0x677875]
C  [ucrtbase.dll+0x37b0]
C  [KERNEL32.DLL+0x2e8d7]
C  [ntdll.dll+0x9c5dc]


---------------  P R O C E S S  ---------------

Threads class SMR info:
_java_thread_list=0x000001aaf2632530, length=14, elements={
0x000001aa83cd0f20, 0x000001aaab57a9c0, 0x000001aaab57b490, 0x000001aaab5922a0,
0x000001aaab594b80, 0x000001aaab595860, 0x000001aaab596130, 0x000001aaab596de0,
0x000001aaab6b8530, 0x000001aaab6b9250, 0x000001aaab824fd0, 0x000001aaab8278d0,
0x000001aaab9cedc0, 0x000001aaaba71230
}

Java Threads: ( => current thread )
  0x000001aa83cd0f20 JavaThread "main" [_thread_in_Java, id=26088, stack(0x0000004e95200000,0x0000004e95300000)]
  0x000001aaab57a9c0 JavaThread "Reference Handler" daemon [_thread_blocked, id=20956, stack(0x0000004e95900000,0x0000004e95a00000)]
  0x000001aaab57b490 JavaThread "Finalizer" daemon [_thread_blocked, id=20212, stack(0x0000004e95a00000,0x0000004e95b00000)]
  0x000001aaab5922a0 JavaThread "Signal Dispatcher" daemon [_thread_blocked, id=2900, stack(0x0000004e95b00000,0x0000004e95c00000)]
  0x000001aaab594b80 JavaThread "Attach Listener" daemon [_thread_blocked, id=18632, stack(0x0000004e95c00000,0x0000004e95d00000)]
  0x000001aaab595860 JavaThread "Service Thread" daemon [_thread_blocked, id=872, stack(0x0000004e95d00000,0x0000004e95e00000)]
  0x000001aaab596130 JavaThread "Monitor Deflation Thread" daemon [_thread_blocked, id=25560, stack(0x0000004e95e00000,0x0000004e95f00000)]
  0x000001aaab596de0 JavaThread "C2 CompilerThread0" daemon [_thread_in_native, id=2312, stack(0x0000004e95f00000,0x0000004e96000000)]
  0x000001aaab6b8530 JavaThread "C1 CompilerThread0" daemon [_thread_in_native, id=24156, stack(0x0000004e96000000,0x0000004e96100000)]
  0x000001aaab6b9250 JavaThread "Sweeper thread" daemon [_thread_blocked, id=1176, stack(0x0000004e96100000,0x0000004e96200000)]
  0x000001aaab824fd0 JavaThread "Notification Thread" daemon [_thread_blocked, id=6396, stack(0x0000004e96200000,0x0000004e96300000)]
  0x000001aaab8278d0 JavaThread "Common-Cleaner" daemon [_thread_blocked, id=8504, stack(0x0000004e96400000,0x0000004e96500000)]
  0x000001aaab9cedc0 JavaThread "Cleaner-0" daemon [_thread_blocked, id=27408, stack(0x0000004e96500000,0x0000004e96600000)]
=>0x000001aaaba71230 JavaThread "C2 CompilerThread1" daemon [_thread_in_native, id=25628, stack(0x0000004e96600000,0x0000004e96700000)]

Other Threads:
  0x000001aaab576000 VMThread "VM Thread" [stack: 0x0000004e95800000,0x0000004e95900000] [id=20512]
  0x000001aa83d708d0 WatcherThread [stack: 0x0000004e96300000,0x0000004e96400000] [id=26748]
  0x000001aa83d58bd0 GCTaskThread "GC Thread#0" [stack: 0x0000004e95300000,0x0000004e95400000] [id=14028]
  0x000001aaf17d2330 GCTaskThread "GC Thread#1" [stack: 0x0000004e96800000,0x0000004e96900000] [id=19168]
  0x000001aaf17d25f0 GCTaskThread "GC Thread#2" [stack: 0x0000004e96900000,0x0000004e96a00000] [id=6240]
  0x000001aaf17d28b0 GCTaskThread "GC Thread#3" [stack: 0x0000004e96a00000,0x0000004e96b00000] [id=24312]
  0x000001aaf2a827d0 GCTaskThread "GC Thread#4" [stack: 0x0000004e96b00000,0x0000004e96c00000] [id=21724]
  0x000001aaf2a82a90 GCTaskThread "GC Thread#5" [stack: 0x0000004e96c00000,0x0000004e96d00000] [id=2988]
  0x000001aaf2a82d50 GCTaskThread "GC Thread#6" [stack: 0x0000004e96d00000,0x0000004e96e00000] [id=21692]
  0x000001aaf1666660 GCTaskThread "GC Thread#7" [stack: 0x0000004e96e00000,0x0000004e96f00000] [id=2600]
  0x000001aaf1666920 GCTaskThread "GC Thread#8" [stack: 0x0000004e96f00000,0x0000004e97000000] [id=1880]
  0x000001aa83d699c0 ConcurrentGCThread "G1 Main Marker" [stack: 0x0000004e95400000,0x0000004e95500000] [id=20724]
  0x000001aa83d6a2e0 ConcurrentGCThread "G1 Conc#0" [stack: 0x0000004e95500000,0x0000004e95600000] [id=20260]
  0x000001aaab4296e0 ConcurrentGCThread "G1 Refine#0" [stack: 0x0000004e95600000,0x0000004e95700000] [id=20944]
  0x000001aaab42aed0 ConcurrentGCThread "G1 Service" [stack: 0x0000004e95700000,0x0000004e95800000] [id=25460]

Threads with active compile tasks:
C2 CompilerThread0     3787 2174       4       java.lang.String::indexOf (18 bytes)
C1 CompilerThread0     3787 2170       3       org.springframework.util.StringUtils::delimitedListToStringArray (164 bytes)
C2 CompilerThread1     3787 2042       4       jdk.internal.org.objectweb.asm.Frame::execute (2305 bytes)

VM state: not at safepoint (normal execution)

VM Mutex/Monitor currently owned by a thread: None

Heap address: 0x000000068a000000, size: 5984 MB, Compressed Oops mode: Zero based, Oop shift amount: 3

CDS archive(s) mapped at: [0x000001aaac000000-0x000001aaacbd0000-0x000001aaacbd0000), size 12386304, SharedBaseAddress: 0x000001aaac000000, ArchiveRelocationMode: 1.
Compressed class space mapped at: 0x000001aaad000000-0x000001aaed000000, reserved size: 1073741824
Narrow klass base: 0x000001aaac000000, Narrow klass shift: 0, Narrow klass range: 0x100000000

GC Precious Log:
 CPUs: 12 total, 12 available
 Memory: 23933M
 Large Page Support: Disabled
 NUMA Support: Disabled
 Compressed Oops: Enabled (Zero based)
 Heap Region Size: 4M
 Heap Min Capacity: 8M
 Heap Initial Capacity: 376M
 Heap Max Capacity: 5984M
 Pre-touch: Disabled
 Parallel Workers: 10
 Concurrent Workers: 3
 Concurrent Refinement Workers: 10
 Periodic GC: Disabled

Heap:
 garbage-first heap   total 385024K, used 44556K [0x000000068a000000, 0x0000000800000000)
  region size 4096K, 12 young (49152K), 1 survivors (4096K)
 Metaspace       used 11468K, committed 11840K, reserved 1114112K
  class space    used 1487K, committed 1664K, reserved 1048576K

Heap Regions: E=young(eden), S=young(survivor), O=old, HS=humongous(starts), HC=humongous(continues), CS=collection set, F=free, OA=open archive, CA=closed archive, TAMS=top-at-mark-start (previous, next)
|   0|0x000000068a000000, 0x000000068a000000, 0x000000068a400000|  0%| F|  |TAMS 0x000000068a000000, 0x000000068a000000| Untracked 
|   1|0x000000068a400000, 0x000000068a400000, 0x000000068a800000|  0%| F|  |TAMS 0x000000068a400000, 0x000000068a400000| Untracked 
|   2|0x000000068a800000, 0x000000068a800000, 0x000000068ac00000|  0%| F|  |TAMS 0x000000068a800000, 0x000000068a800000| Untracked 
|   3|0x000000068ac00000, 0x000000068ac00000, 0x000000068b000000|  0%| F|  |TAMS 0x000000068ac00000, 0x000000068ac00000| Untracked 
|   4|0x000000068b000000, 0x000000068b000000, 0x000000068b400000|  0%| F|  |TAMS 0x000000068b000000, 0x000000068b000000| Untracked 
|   5|0x000000068b400000, 0x000000068b400000, 0x000000068b800000|  0%| F|  |TAMS 0x000000068b400000, 0x000000068b400000| Untracked 
|   6|0x000000068b800000, 0x000000068b800000, 0x000000068bc00000|  0%| F|  |TAMS 0x000000068b800000, 0x000000068b800000| Untracked 
|   7|0x000000068bc00000, 0x000000068bc00000, 0x000000068c000000|  0%| F|  |TAMS 0x000000068bc00000, 0x000000068bc00000| Untracked 
|   8|0x000000068c000000, 0x000000068c000000, 0x000000068c400000|  0%| F|  |TAMS 0x000000068c000000, 0x000000068c000000| Untracked 
|   9|0x000000068c400000, 0x000000068c400000, 0x000000068c800000|  0%| F|  |TAMS 0x000000068c400000, 0x000000068c400000| Untracked 
|  10|0x000000068c800000, 0x000000068c800000, 0x000000068cc00000|  0%| F|  |TAMS 0x000000068c800000, 0x000000068c800000| Untracked 
|  11|0x000000068cc00000, 0x000000068cc00000, 0x000000068d000000|  0%| F|  |TAMS 0x000000068cc00000, 0x000000068cc00000| Untracked 
|  12|0x000000068d000000, 0x000000068d000000, 0x000000068d400000|  0%| F|  |TAMS 0x000000068d000000, 0x000000068d000000| Untracked 
|  13|0x000000068d400000, 0x000000068d400000, 0x000000068d800000|  0%| F|  |TAMS 0x000000068d400000, 0x000000068d400000| Untracked 
|  14|0x000000068d800000, 0x000000068d800000, 0x000000068dc00000|  0%| F|  |TAMS 0x000000068d800000, 0x000000068d800000| Untracked 
|  15|0x000000068dc00000, 0x000000068dc00000, 0x000000068e000000|  0%| F|  |TAMS 0x000000068dc00000, 0x000000068dc00000| Untracked 
|  16|0x000000068e000000, 0x000000068e000000, 0x000000068e400000|  0%| F|  |TAMS 0x000000068e000000, 0x000000068e000000| Untracked 
|  17|0x000000068e400000, 0x000000068e400000, 0x000000068e800000|  0%| F|  |TAMS 0x000000068e400000, 0x000000068e400000| Untracked 
|  18|0x000000068e800000, 0x000000068e800000, 0x000000068ec00000|  0%| F|  |TAMS 0x000000068e800000, 0x000000068e800000| Untracked 
|  19|0x000000068ec00000, 0x000000068ec00000, 0x000000068f000000|  0%| F|  |TAMS 0x000000068ec00000, 0x000000068ec00000| Untracked 
|  20|0x000000068f000000, 0x000000068f000000, 0x000000068f400000|  0%| F|  |TAMS 0x000000068f000000, 0x000000068f000000| Untracked 
|  21|0x000000068f400000, 0x000000068f400000, 0x000000068f800000|  0%| F|  |TAMS 0x000000068f400000, 0x000000068f400000| Untracked 
|  22|0x000000068f800000, 0x000000068f800000, 0x000000068fc00000|  0%| F|  |TAMS 0x000000068f800000, 0x000000068f800000| Untracked 
|  23|0x000000068fc00000, 0x000000068fc00000, 0x0000000690000000|  0%| F|  |TAMS 0x000000068fc00000, 0x000000068fc00000| Untracked 
|  24|0x0000000690000000, 0x0000000690000000, 0x0000000690400000|  0%| F|  |TAMS 0x0000000690000000, 0x0000000690000000| Untracked 
|  25|0x0000000690400000, 0x0000000690400000, 0x0000000690800000|  0%| F|  |TAMS 0x0000000690400000, 0x0000000690400000| Untracked 
|  26|0x0000000690800000, 0x0000000690800000, 0x0000000690c00000|  0%| F|  |TAMS 0x0000000690800000, 0x0000000690800000| Untracked 
|  27|0x0000000690c00000, 0x0000000690c00000, 0x0000000691000000|  0%| F|  |TAMS 0x0000000690c00000, 0x0000000690c00000| Untracked 
|  28|0x0000000691000000, 0x0000000691000000, 0x0000000691400000|  0%| F|  |TAMS 0x0000000691000000, 0x0000000691000000| Untracked 
|  29|0x0000000691400000, 0x0000000691400000, 0x0000000691800000|  0%| F|  |TAMS 0x0000000691400000, 0x0000000691400000| Untracked 
|  30|0x0000000691800000, 0x0000000691800000, 0x0000000691c00000|  0%| F|  |TAMS 0x0000000691800000, 0x0000000691800000| Untracked 
|  31|0x0000000691c00000, 0x0000000691c00000, 0x0000000692000000|  0%| F|  |TAMS 0x0000000691c00000, 0x0000000691c00000| Untracked 
|  32|0x0000000692000000, 0x0000000692000000, 0x0000000692400000|  0%| F|  |TAMS 0x0000000692000000, 0x0000000692000000| Untracked 
|  33|0x0000000692400000, 0x0000000692400000, 0x0000000692800000|  0%| F|  |TAMS 0x0000000692400000, 0x0000000692400000| Untracked 
|  34|0x0000000692800000, 0x0000000692800000, 0x0000000692c00000|  0%| F|  |TAMS 0x0000000692800000, 0x0000000692800000| Untracked 
|  35|0x0000000692c00000, 0x0000000692c00000, 0x0000000693000000|  0%| F|  |TAMS 0x0000000692c00000, 0x0000000692c00000| Untracked 
|  36|0x0000000693000000, 0x0000000693000000, 0x0000000693400000|  0%| F|  |TAMS 0x0000000693000000, 0x0000000693000000| Untracked 
|  37|0x0000000693400000, 0x0000000693400000, 0x0000000693800000|  0%| F|  |TAMS 0x0000000693400000, 0x0000000693400000| Untracked 
|  38|0x0000000693800000, 0x0000000693800000, 0x0000000693c00000|  0%| F|  |TAMS 0x0000000693800000, 0x0000000693800000| Untracked 
|  39|0x0000000693c00000, 0x0000000693c00000, 0x0000000694000000|  0%| F|  |TAMS 0x0000000693c00000, 0x0000000693c00000| Untracked 
|  40|0x0000000694000000, 0x0000000694000000, 0x0000000694400000|  0%| F|  |TAMS 0x0000000694000000, 0x0000000694000000| Untracked 
|  41|0x0000000694400000, 0x0000000694400000, 0x0000000694800000|  0%| F|  |TAMS 0x0000000694400000, 0x0000000694400000| Untracked 
|  42|0x0000000694800000, 0x0000000694800000, 0x0000000694c00000|  0%| F|  |TAMS 0x0000000694800000, 0x0000000694800000| Untracked 
|  43|0x0000000694c00000, 0x0000000694c00000, 0x0000000695000000|  0%| F|  |TAMS 0x0000000694c00000, 0x0000000694c00000| Untracked 
|  44|0x0000000695000000, 0x0000000695000000, 0x0000000695400000|  0%| F|  |TAMS 0x0000000695000000, 0x0000000695000000| Untracked 
|  45|0x0000000695400000, 0x0000000695400000, 0x0000000695800000|  0%| F|  |TAMS 0x0000000695400000, 0x0000000695400000| Untracked 
|  46|0x0000000695800000, 0x0000000695800000, 0x0000000695c00000|  0%| F|  |TAMS 0x0000000695800000, 0x0000000695800000| Untracked 
|  47|0x0000000695c00000, 0x0000000695c00000, 0x0000000696000000|  0%| F|  |TAMS 0x0000000695c00000, 0x0000000695c00000| Untracked 
|  48|0x0000000696000000, 0x0000000696000000, 0x0000000696400000|  0%| F|  |TAMS 0x0000000696000000, 0x0000000696000000| Untracked 
|  49|0x0000000696400000, 0x0000000696400000, 0x0000000696800000|  0%| F|  |TAMS 0x0000000696400000, 0x0000000696400000| Untracked 
|  50|0x0000000696800000, 0x0000000696800000, 0x0000000696c00000|  0%| F|  |TAMS 0x0000000696800000, 0x0000000696800000| Untracked 
|  51|0x0000000696c00000, 0x0000000696c00000, 0x0000000697000000|  0%| F|  |TAMS 0x0000000696c00000, 0x0000000696c00000| Untracked 
|  52|0x0000000697000000, 0x0000000697000000, 0x0000000697400000|  0%| F|  |TAMS 0x0000000697000000, 0x0000000697000000| Untracked 
|  53|0x0000000697400000, 0x0000000697400000, 0x0000000697800000|  0%| F|  |TAMS 0x0000000697400000, 0x0000000697400000| Untracked 
|  54|0x0000000697800000, 0x0000000697800000, 0x0000000697c00000|  0%| F|  |TAMS 0x0000000697800000, 0x0000000697800000| Untracked 
|  55|0x0000000697c00000, 0x0000000697c00000, 0x0000000698000000|  0%| F|  |TAMS 0x0000000697c00000, 0x0000000697c00000| Untracked 
|  56|0x0000000698000000, 0x0000000698000000, 0x0000000698400000|  0%| F|  |TAMS 0x0000000698000000, 0x0000000698000000| Untracked 
|  57|0x0000000698400000, 0x0000000698400000, 0x0000000698800000|  0%| F|  |TAMS 0x0000000698400000, 0x0000000698400000| Untracked 
|  58|0x0000000698800000, 0x0000000698800000, 0x0000000698c00000|  0%| F|  |TAMS 0x0000000698800000, 0x0000000698800000| Untracked 
|  59|0x0000000698c00000, 0x0000000698c00000, 0x0000000699000000|  0%| F|  |TAMS 0x0000000698c00000, 0x0000000698c00000| Untracked 
|  60|0x0000000699000000, 0x0000000699000000, 0x0000000699400000|  0%| F|  |TAMS 0x0000000699000000, 0x0000000699000000| Untracked 
|  61|0x0000000699400000, 0x0000000699400000, 0x0000000699800000|  0%| F|  |TAMS 0x0000000699400000, 0x0000000699400000| Untracked 
|  62|0x0000000699800000, 0x0000000699800000, 0x0000000699c00000|  0%| F|  |TAMS 0x0000000699800000, 0x0000000699800000| Untracked 
|  63|0x0000000699c00000, 0x0000000699c00000, 0x000000069a000000|  0%| F|  |TAMS 0x0000000699c00000, 0x0000000699c00000| Untracked 
|  64|0x000000069a000000, 0x000000069a000000, 0x000000069a400000|  0%| F|  |TAMS 0x000000069a000000, 0x000000069a000000| Untracked 
|  65|0x000000069a400000, 0x000000069a400000, 0x000000069a800000|  0%| F|  |TAMS 0x000000069a400000, 0x000000069a400000| Untracked 
|  66|0x000000069a800000, 0x000000069a800000, 0x000000069ac00000|  0%| F|  |TAMS 0x000000069a800000, 0x000000069a800000| Untracked 
|  67|0x000000069ac00000, 0x000000069ac00000, 0x000000069b000000|  0%| F|  |TAMS 0x000000069ac00000, 0x000000069ac00000| Untracked 
|  68|0x000000069b000000, 0x000000069b000000, 0x000000069b400000|  0%| F|  |TAMS 0x000000069b000000, 0x000000069b000000| Untracked 
|  69|0x000000069b400000, 0x000000069b400000, 0x000000069b800000|  0%| F|  |TAMS 0x000000069b400000, 0x000000069b400000| Untracked 
|  70|0x000000069b800000, 0x000000069b800000, 0x000000069bc00000|  0%| F|  |TAMS 0x000000069b800000, 0x000000069b800000| Untracked 
|  71|0x000000069bc00000, 0x000000069bc00000, 0x000000069c000000|  0%| F|  |TAMS 0x000000069bc00000, 0x000000069bc00000| Untracked 
|  72|0x000000069c000000, 0x000000069c000000, 0x000000069c400000|  0%| F|  |TAMS 0x000000069c000000, 0x000000069c000000| Untracked 
|  73|0x000000069c400000, 0x000000069c400000, 0x000000069c800000|  0%| F|  |TAMS 0x000000069c400000, 0x000000069c400000| Untracked 
|  74|0x000000069c800000, 0x000000069c800000, 0x000000069cc00000|  0%| F|  |TAMS 0x000000069c800000, 0x000000069c800000| Untracked 
|  75|0x000000069cc00000, 0x000000069cc00000, 0x000000069d000000|  0%| F|  |TAMS 0x000000069cc00000, 0x000000069cc00000| Untracked 
|  76|0x000000069d000000, 0x000000069d000000, 0x000000069d400000|  0%| F|  |TAMS 0x000000069d000000, 0x000000069d000000| Untracked 
|  77|0x000000069d400000, 0x000000069d400000, 0x000000069d800000|  0%| F|  |TAMS 0x000000069d400000, 0x000000069d400000| Untracked 
|  78|0x000000069d800000, 0x000000069d800000, 0x000000069dc00000|  0%| F|  |TAMS 0x000000069d800000, 0x000000069d800000| Untracked 
|  79|0x000000069dc00000, 0x000000069dc00000, 0x000000069e000000|  0%| F|  |TAMS 0x000000069dc00000, 0x000000069dc00000| Untracked 
|  80|0x000000069e000000, 0x000000069e000000, 0x000000069e400000|  0%| F|  |TAMS 0x000000069e000000, 0x000000069e000000| Untracked 
|  81|0x000000069e400000, 0x000000069e400000, 0x000000069e800000|  0%| F|  |TAMS 0x000000069e400000, 0x000000069e400000| Untracked 
|  82|0x000000069e800000, 0x000000069ea00800, 0x000000069ec00000| 50%| E|  |TAMS 0x000000069e800000, 0x000000069e800000| Complete 
|  83|0x000000069ec00000, 0x000000069f000000, 0x000000069f000000|100%| E|CS|TAMS 0x000000069ec00000, 0x000000069ec00000| Complete 
|  84|0x000000069f000000, 0x000000069f383360, 0x000000069f400000| 87%| S|CS|TAMS 0x000000069f000000, 0x000000069f000000| Complete 
|  85|0x000000069f400000, 0x000000069f800000, 0x000000069f800000|100%| E|CS|TAMS 0x000000069f400000, 0x000000069f400000| Complete 
|  86|0x000000069f800000, 0x000000069fc00000, 0x000000069fc00000|100%| E|CS|TAMS 0x000000069f800000, 0x000000069f800000| Complete 
|  87|0x000000069fc00000, 0x00000006a0000000, 0x00000006a0000000|100%| E|CS|TAMS 0x000000069fc00000, 0x000000069fc00000| Complete 
|  88|0x00000006a0000000, 0x00000006a0400000, 0x00000006a0400000|100%| E|CS|TAMS 0x00000006a0000000, 0x00000006a0000000| Complete 
|  89|0x00000006a0400000, 0x00000006a0800000, 0x00000006a0800000|100%| E|CS|TAMS 0x00000006a0400000, 0x00000006a0400000| Complete 
|  90|0x00000006a0800000, 0x00000006a0c00000, 0x00000006a0c00000|100%| E|CS|TAMS 0x00000006a0800000, 0x00000006a0800000| Complete 
|  91|0x00000006a0c00000, 0x00000006a1000000, 0x00000006a1000000|100%| E|CS|TAMS 0x00000006a0c00000, 0x00000006a0c00000| Complete 
|  92|0x00000006a1000000, 0x00000006a1400000, 0x00000006a1400000|100%| E|CS|TAMS 0x00000006a1000000, 0x00000006a1000000| Complete 
|  93|0x00000006a1400000, 0x00000006a1800000, 0x00000006a1800000|100%| E|CS|TAMS 0x00000006a1400000, 0x00000006a1400000| Complete 

Card table byte_map: [0x000001aa9b690000,0x000001aa9c240000] _byte_map_base: 0x000001aa98240000

Marking Bits (Prev, Next): (CMBitMap*) 0x000001aa83d59100, (CMBitMap*) 0x000001aa83d59140
 Prev Bits: [0x000001aa9cdf0000, 0x000001aaa2b70000)
 Next Bits: [0x000001aaa2b70000, 0x000001aaa88f0000)

Polling page: 0x000001aa81be0000

Metaspace:

Usage:
  Non-class:      9.75 MB used.
      Class:      1.45 MB used.
       Both:     11.20 MB used.

Virtual space:
  Non-class space:       64.00 MB reserved,       9.94 MB ( 16%) committed,  1 nodes.
      Class space:        1.00 GB reserved,       1.62 MB ( <1%) committed,  1 nodes.
             Both:        1.06 GB reserved,      11.56 MB (  1%) committed. 

Chunk freelists:
   Non-Class:  5.49 MB
       Class:  14.44 MB
        Both:  19.92 MB

MaxMetaspaceSize: unlimited
CompressedClassSpaceSize: 1.00 GB
Initial GC threshold: 21.00 MB
Current GC threshold: 21.00 MB
CDS: on
MetaspaceReclaimPolicy: balanced
 - commit_granule_bytes: 65536.
 - commit_granule_words: 8192.
 - virtual_space_node_default_size: 8388608.
 - enlarge_chunks_in_place: 1.
 - new_chunks_are_fully_committed: 0.
 - uncommit_free_chunks: 1.
 - use_allocation_guard: 0.
 - handle_deallocations: 1.


Internal statistics:

num_allocs_failed_limit: 0.
num_arena_births: 288.
num_arena_deaths: 0.
num_vsnodes_births: 2.
num_vsnodes_deaths: 0.
num_space_committed: 185.
num_space_uncommitted: 0.
num_chunks_returned_to_freelist: 0.
num_chunks_taken_from_freelist: 677.
num_chunk_merges: 0.
num_chunk_splits: 443.
num_chunks_enlarged: 314.
num_inconsistent_stats: 0.

CodeHeap 'non-profiled nmethods': size=120000Kb used=1205Kb max_used=1205Kb free=118794Kb
 bounds [0x000001aa93040000, 0x000001aa932b0000, 0x000001aa9a570000]
CodeHeap 'profiled nmethods': size=120000Kb used=4030Kb max_used=4030Kb free=115969Kb
 bounds [0x000001aa8b570000, 0x000001aa8b960000, 0x000001aa92aa0000]
CodeHeap 'non-nmethods': size=5760Kb used=1188Kb max_used=1247Kb free=4572Kb
 bounds [0x000001aa92aa0000, 0x000001aa92d10000, 0x000001aa93040000]
 total_blobs=2653 nmethods=2171 adapters=394
 compilation: enabled
              stopped_count=0, restarted_count=0
 full_count=0

Compilation events (20 events):
Event: 2.737 Thread 0x000001aaab6b8530 2144       3       org.springframework.util.Assert::state (14 bytes)
Event: 2.737 Thread 0x000001aaab6b8530 nmethod 2144 0x000001aa8b94cd90 code [0x000001aa8b94cf40, 0x000001aa8b94d128]
Event: 2.738 Thread 0x000001aaab6b8530 2145       3       java.util.concurrent.CopyOnWriteArrayList::iterator (13 bytes)
Event: 2.738 Thread 0x000001aaab6b8530 nmethod 2145 0x000001aa8b94d210 code [0x000001aa8b94d3c0, 0x000001aa8b94d678]
Event: 2.738 Thread 0x000001aaab6b8530 2146       3       java.util.concurrent.CopyOnWriteArrayList$COWIterator::<init> (15 bytes)
Event: 2.738 Thread 0x000001aaab6b8530 nmethod 2146 0x000001aa8b94d790 code [0x000001aa8b94d920, 0x000001aa8b94daf8]
Event: 2.739 Thread 0x000001aaab596de0 2147       4       java.lang.invoke.MemberName::getReferenceKind (12 bytes)
Event: 2.739 Thread 0x000001aaab596de0 nmethod 2147 0x000001aa9316bc10 code [0x000001aa9316bd80, 0x000001aa9316bdf8]
Event: 2.742 Thread 0x000001aaab6b8530 2148       3       java.lang.invoke.TypeConvertingMethodAdapter::<init> (8 bytes)
Event: 2.743 Thread 0x000001aaab6b8530 nmethod 2148 0x000001aa8b94db90 code [0x000001aa8b94dd20, 0x000001aa8b94de68]
Event: 2.743 Thread 0x000001aaab6b8530 2149       3       jdk.internal.org.objectweb.asm.MethodVisitor::visitCode (15 bytes)
Event: 2.743 Thread 0x000001aaab6b8530 nmethod 2149 0x000001aa8b94df10 code [0x000001aa8b94e0c0, 0x000001aa8b94e2c8]
Event: 2.743 Thread 0x000001aaab6b8530 2150       3       jdk.internal.org.objectweb.asm.MethodVisitor::visitMethodInsn (80 bytes)
Event: 2.743 Thread 0x000001aaab6b8530 nmethod 2150 0x000001aa8b94e390 code [0x000001aa8b94e560, 0x000001aa8b94ea48]
Event: 2.747 Thread 0x000001aaab6b8530 2151   !   3       java.lang.invoke.InnerClassLambdaMetafactory::generateInnerClass (618 bytes)
Event: 2.749 Thread 0x000001aaab6b8530 nmethod 2151 0x000001aa8b94eb90 code [0x000001aa8b94f0a0, 0x000001aa8b951ac8]
Event: 2.749 Thread 0x000001aaab6b8530 2152       3       java.lang.invoke.InnerClassLambdaMetafactory::generateConstructor (154 bytes)
Event: 2.749 Thread 0x000001aaab6b8530 nmethod 2152 0x000001aa8b952b10 code [0x000001aa8b952de0, 0x000001aa8b953dc8]
Event: 2.749 Thread 0x000001aaab6b8530 2153       3       java.lang.invoke.InnerClassLambdaMetafactory$ForwardingMethodGenerator::<init> (11 bytes)
Event: 2.750 Thread 0x000001aaab6b8530 nmethod 2153 0x000001aa8b954310 code [0x000001aa8b9544c0, 0x000001aa8b9546c8]

GC Heap History (4 events):
Event: 0.845 GC heap before
{Heap before GC invocations=0 (full 0):
 garbage-first heap   total 385024K, used 20480K [0x000000068a000000, 0x0000000800000000)
  region size 4096K, 5 young (20480K), 0 survivors (0K)
 Metaspace       used 3150K, committed 3392K, reserved 1114112K
  class space    used 320K, committed 448K, reserved 1048576K
}
Event: 0.857 GC heap after
{Heap after GC invocations=1 (full 0):
 garbage-first heap   total 385024K, used 2057K [0x000000068a000000, 0x0000000800000000)
  region size 4096K, 1 young (4096K), 1 survivors (4096K)
 Metaspace       used 3150K, committed 3392K, reserved 1114112K
  class space    used 320K, committed 448K, reserved 1048576K
}
Event: 1.834 GC heap before
{Heap before GC invocations=1 (full 0):
 garbage-first heap   total 385024K, used 34825K [0x000000068a000000, 0x0000000800000000)
  region size 4096K, 9 young (36864K), 1 survivors (4096K)
 Metaspace       used 7024K, committed 7296K, reserved 1114112K
  class space    used 856K, committed 1024K, reserved 1048576K
}
Event: 1.837 GC heap after
{Heap after GC invocations=2 (full 0):
 garbage-first heap   total 385024K, used 3596K [0x000000068a000000, 0x0000000800000000)
  region size 4096K, 1 young (4096K), 1 survivors (4096K)
 Metaspace       used 7024K, committed 7296K, reserved 1114112K
  class space    used 856K, committed 1024K, reserved 1048576K
}

Deoptimization events (20 events):
Event: 2.644 Thread 0x000001aa83cd0f20 Uncommon trap: trap_request=0xffffffde fr.pc=0x000001aa93159a68 relative=0x0000000000000068
Event: 2.644 Thread 0x000001aa83cd0f20 Uncommon trap: reason=class_check action=maybe_recompile pc=0x000001aa93159a68 method=java.util.LinkedHashMap.afterNodeInsertion(Z)V @ 15 c2
Event: 2.644 Thread 0x000001aa83cd0f20 DEOPT PACKING pc=0x000001aa93159a68 sp=0x0000004e952fdf90
Event: 2.644 Thread 0x000001aa83cd0f20 DEOPT UNPACKING pc=0x000001aa92af23a3 sp=0x0000004e952fdf08 mode 2
Event: 2.644 Thread 0x000001aa83cd0f20 Uncommon trap: trap_request=0xffffffde fr.pc=0x000001aa93159a68 relative=0x0000000000000068
Event: 2.644 Thread 0x000001aa83cd0f20 Uncommon trap: reason=class_check action=maybe_recompile pc=0x000001aa93159a68 method=java.util.LinkedHashMap.afterNodeInsertion(Z)V @ 15 c2
Event: 2.644 Thread 0x000001aa83cd0f20 DEOPT PACKING pc=0x000001aa93159a68 sp=0x0000004e952fdf90
Event: 2.644 Thread 0x000001aa83cd0f20 DEOPT UNPACKING pc=0x000001aa92af23a3 sp=0x0000004e952fdf08 mode 2
Event: 2.644 Thread 0x000001aa83cd0f20 Uncommon trap: trap_request=0xffffffde fr.pc=0x000001aa93159a68 relative=0x0000000000000068
Event: 2.644 Thread 0x000001aa83cd0f20 Uncommon trap: reason=class_check action=maybe_recompile pc=0x000001aa93159a68 method=java.util.LinkedHashMap.afterNodeInsertion(Z)V @ 15 c2
Event: 2.644 Thread 0x000001aa83cd0f20 DEOPT PACKING pc=0x000001aa93159a68 sp=0x0000004e952fdf90
Event: 2.644 Thread 0x000001aa83cd0f20 DEOPT UNPACKING pc=0x000001aa92af23a3 sp=0x0000004e952fdf08 mode 2
Event: 2.688 Thread 0x000001aa83cd0f20 Uncommon trap: trap_request=0xffffff45 fr.pc=0x000001aa93139280 relative=0x0000000000001060
Event: 2.688 Thread 0x000001aa83cd0f20 Uncommon trap: reason=unstable_if action=reinterpret pc=0x000001aa93139280 method=java.util.concurrent.ConcurrentHashMap.putVal(Ljava/lang/Object;Ljava/lang/Object;Z)Ljava/lang/Object; @ 231 c2
Event: 2.688 Thread 0x000001aa83cd0f20 DEOPT PACKING pc=0x000001aa93139280 sp=0x0000004e952fe030
Event: 2.688 Thread 0x000001aa83cd0f20 DEOPT UNPACKING pc=0x000001aa92af23a3 sp=0x0000004e952fdfa0 mode 2
Event: 2.735 Thread 0x000001aa83cd0f20 Uncommon trap: trap_request=0xffffffc6 fr.pc=0x000001aa930d3834 relative=0x0000000000000094
Event: 2.735 Thread 0x000001aa83cd0f20 Uncommon trap: reason=bimorphic_or_optimized_type_check action=maybe_recompile pc=0x000001aa930d3834 method=java.lang.ref.Reference.refersTo(Ljava/lang/Object;)Z @ 2 c2
Event: 2.735 Thread 0x000001aa83cd0f20 DEOPT PACKING pc=0x000001aa930d3834 sp=0x0000004e952fd150
Event: 2.735 Thread 0x000001aa83cd0f20 DEOPT UNPACKING pc=0x000001aa92af23a3 sp=0x0000004e952fd0e8 mode 2

Classes unloaded (0 events):
No events

Classes redefined (0 events):
No events

Internal exceptions (20 events):
Event: 1.866 Thread 0x000001aa83cd0f20 Exception <a 'java/lang/NoSuchMethodError'{0x00000006a159b890}: 'int java.lang.invoke.DirectMethodHandle$Holder.invokeInterface(java.lang.Object, java.lang.Object)'> (0x00000006a159b890) 
thrown [s\open\src\hotspot\share\interpreter\linkResolver.cpp, line 759]
Event: 1.996 Thread 0x000001aa83cd0f20 Exception <a 'java/lang/NoSuchMethodError'{0x00000006a0d39f00}: 'void java.lang.invoke.DirectMethodHandle$Holder.invokeSpecial(java.lang.Object, java.lang.Object, java.lang.Object, java.lang.Object, java.lang.Object, java.lang.Object)'> (0x00000006a0d39f00) 
thrown [s\open\src\hotspot\share\interpreter\linkResolver.cpp, line 759]
Event: 2.031 Thread 0x000001aa83cd0f20 Exception <a 'java/lang/NoSuchMethodError'{0x00000006a0e63708}: 'java.lang.Object java.lang.invoke.DirectMethodHandle$Holder.invokeSpecial(java.lang.Object, java.lang.Object, java.lang.Object, int, java.lang.Object)'> (0x00000006a0e63708) 
thrown [s\open\src\hotspot\share\interpreter\linkResolver.cpp, line 759]
Event: 2.032 Thread 0x000001aa83cd0f20 Exception <a 'java/lang/NoSuchMethodError'{0x00000006a0e6bc70}: 'java.lang.Object java.lang.invoke.DirectMethodHandle$Holder.newInvokeSpecial(java.lang.Object, java.lang.Object, java.lang.Object, int, java.lang.Object)'> (0x00000006a0e6bc70) 
thrown [s\open\src\hotspot\share\interpreter\linkResolver.cpp, line 759]
Event: 2.033 Thread 0x000001aa83cd0f20 Exception <a 'java/lang/NoSuchMethodError'{0x00000006a0e73640}: 'java.lang.Object java.lang.invoke.Invokers$Holder.linkToTargetMethod(java.lang.Object, java.lang.Object, int, java.lang.Object, java.lang.Object)'> (0x00000006a0e73640) 
thrown [s\open\src\hotspot\share\interpreter\linkResolver.cpp, line 759]
Event: 2.039 Thread 0x000001aa83cd0f20 Exception <a 'java/lang/NoSuchMethodError'{0x00000006a0e899c0}: 'java.lang.Object java.lang.invoke.DirectMethodHandle$Holder.newInvokeSpecial(java.lang.Object, int, java.lang.Object)'> (0x00000006a0e899c0) 
thrown [s\open\src\hotspot\share\interpreter\linkResolver.cpp, line 759]
Event: 2.044 Thread 0x000001aa83cd0f20 Exception <a 'java/lang/NoSuchMethodError'{0x00000006a0e8e518}: 'int java.lang.invoke.DirectMethodHandle$Holder.invokeSpecialIFC(java.lang.Object, java.lang.Object, java.lang.Object, java.lang.Object)'> (0x00000006a0e8e518) 
thrown [s\open\src\hotspot\share\interpreter\linkResolver.cpp, line 759]
Event: 2.106 Thread 0x000001aa83cd0f20 Exception <a 'java/lang/NoSuchMethodError'{0x00000006a0f7c480}: 'void java.lang.invoke.DirectMethodHandle$Holder.invokeInterface(java.lang.Object, java.lang.Object, java.lang.Object)'> (0x00000006a0f7c480) 
thrown [s\open\src\hotspot\share\interpreter\linkResolver.cpp, line 759]
Event: 2.160 Thread 0x000001aa83cd0f20 Exception <a 'java/lang/NoSuchMethodError'{0x00000006a08c29a8}: 'void java.lang.invoke.DirectMethodHandle$Holder.invokeStaticInit(java.lang.Object, java.lang.Object, java.lang.Object)'> (0x00000006a08c29a8) 
thrown [s\open\src\hotspot\share\interpreter\linkResolver.cpp, line 759]
Event: 2.177 Thread 0x000001aa83cd0f20 Exception <a 'java/lang/NoSuchMethodError'{0x00000006a08f4540}: 'java.lang.Object java.lang.invoke.DirectMethodHandle$Holder.invokeStatic(java.lang.Object, java.lang.Object, long, java.lang.Object)'> (0x00000006a08f4540) 
thrown [s\open\src\hotspot\share\interpreter\linkResolver.cpp, line 759]
Event: 2.178 Thread 0x000001aa83cd0f20 Exception <a 'java/lang/NoSuchMethodError'{0x00000006a08f7fd8}: 'java.lang.Object java.lang.invoke.DirectMethodHandle$Holder.invokeStaticInit(java.lang.Object, java.lang.Object, long, java.lang.Object)'> (0x00000006a08f7fd8) 
thrown [s\open\src\hotspot\share\interpreter\linkResolver.cpp, line 759]
Event: 2.179 Thread 0x000001aa83cd0f20 Exception <a 'java/lang/NoSuchMethodError'{0x00000006a08fe718}: 'java.lang.Object java.lang.invoke.DirectMethodHandle$Holder.newInvokeSpecial(java.lang.Object, java.lang.Object, long)'> (0x00000006a08fe718) 
thrown [s\open\src\hotspot\share\interpreter\linkResolver.cpp, line 759]
Event: 2.181 Thread 0x000001aa83cd0f20 Exception <a 'java/lang/NoSuchMethodError'{0x00000006a0902288}: 'java.lang.Object java.lang.invoke.Invokers$Holder.linkToTargetMethod(java.lang.Object, long, java.lang.Object)'> (0x00000006a0902288) 
thrown [s\open\src\hotspot\share\interpreter\linkResolver.cpp, line 759]
Event: 2.273 Thread 0x000001aa83cd0f20 Exception <a 'java/lang/NoSuchMethodError'{0x00000006a09f31d8}: 'void java.lang.invoke.DirectMethodHandle$Holder.invokeVirtual(java.lang.Object, java.lang.Object, java.lang.Object, java.lang.Object)'> (0x00000006a09f31d8) 
thrown [s\open\src\hotspot\share\interpreter\linkResolver.cpp, line 759]
Event: 2.392 Thread 0x000001aaf2687a40 Exception <a 'java/lang/NoClassDefFoundError'{0x00000006a002dc90}: jakarta/validation/Validation> (0x00000006a002dc90) 
thrown [s\open\src\hotspot\share\classfile\systemDictionary.cpp, line 245]
Event: 2.394 Thread 0x000001aaf2687a40 Exception <a 'java/lang/NoClassDefFoundError'{0x00000006a0042820}: org/springframework/http/converter/support/AllEncompassingFormHttpMessageConverter> (0x00000006a0042820) 
thrown [s\open\src\hotspot\share\classfile\systemDictionary.cpp, line 245]
Event: 2.396 Thread 0x000001aaf2687a40 Exception <a 'java/lang/NoClassDefFoundError'{0x00000006a0056c90}: org/springframework/http/converter/json/Jackson2ObjectMapperBuilder> (0x00000006a0056c90) 
thrown [s\open\src\hotspot\share\classfile\systemDictionary.cpp, line 245]
Event: 2.400 Thread 0x000001aa83cd0f20 Exception <a 'java/lang/IncompatibleClassChangeError'{0x00000006a06e2108}: Found class java.lang.Object, but interface was expected> (0x00000006a06e2108) 
thrown [s\open\src\hotspot\share\interpreter\linkResolver.cpp, line 826]
Event: 2.401 Thread 0x000001aaf2687a40 Exception <a 'java/lang/NoClassDefFoundError'{0x00000006a0073888}: org/apache/tomcat/util/http/Rfc6265CookieProcessor> (0x00000006a0073888) 
thrown [s\open\src\hotspot\share\classfile\systemDictionary.cpp, line 245]
Event: 2.572 Thread 0x000001aa83cd0f20 Exception <a 'java/lang/NoSuchMethodError'{0x000000069f905cf8}: 'java.lang.Object java.lang.invoke.DirectMethodHandle$Holder.invokeStatic(java.lang.Object, int, java.lang.Object)'> (0x000000069f905cf8) 
thrown [s\open\src\hotspot\share\interpreter\linkResolver.cpp, line 759]

VM Operations (20 events):
Event: 0.845 Executing VM operation: G1CollectForAllocation
Event: 0.857 Executing VM operation: G1CollectForAllocation done
Event: 0.941 Executing VM operation: HandshakeAllThreads
Event: 0.941 Executing VM operation: HandshakeAllThreads done
Event: 1.487 Executing VM operation: HandshakeAllThreads
Event: 1.487 Executing VM operation: HandshakeAllThreads done
Event: 1.833 Executing VM operation: G1CollectForAllocation
Event: 1.837 Executing VM operation: G1CollectForAllocation done
Event: 2.366 Executing VM operation: HandshakeAllThreads
Event: 2.366 Executing VM operation: HandshakeAllThreads done
Event: 2.366 Executing VM operation: HandshakeAllThreads
Event: 2.366 Executing VM operation: HandshakeAllThreads done
Event: 2.497 Executing VM operation: ICBufferFull
Event: 2.497 Executing VM operation: ICBufferFull done
Event: 2.684 Executing VM operation: HandshakeAllThreads
Event: 2.684 Executing VM operation: HandshakeAllThreads done
Event: 2.748 Executing VM operation: HandshakeAllThreads
Event: 2.748 Executing VM operation: HandshakeAllThreads done
Event: 3.755 Executing VM operation: Cleanup
Event: 3.755 Executing VM operation: Cleanup done

Events (20 events):
Event: 2.726 loading class java/beans/BeanInfo
Event: 2.726 loading class java/beans/BeanInfo done
Event: 2.731 loading class java/beans/MethodRef
Event: 2.731 loading class java/beans/MethodRef done
Event: 2.732 loading class java/beans/SimpleBeanInfo
Event: 2.732 loading class java/beans/SimpleBeanInfo done
Event: 2.733 loading class com/sun/beans/TypeResolver
Event: 2.734 loading class com/sun/beans/TypeResolver done
Event: 2.734 loading class com/sun/beans/WeakCache
Event: 2.734 loading class com/sun/beans/WeakCache done
Event: 2.734 loading class sun/reflect/generics/scope/MethodScope
Event: 2.734 loading class sun/reflect/generics/scope/MethodScope done
Event: 2.734 loading class sun/reflect/generics/repository/MethodRepository
Event: 2.734 loading class sun/reflect/generics/repository/MethodRepository done
Event: 2.734 loading class com/sun/beans/WildcardTypeImpl
Event: 2.734 loading class com/sun/beans/WildcardTypeImpl done
Event: 2.738 loading class java/util/concurrent/ConcurrentLinkedDeque$Itr
Event: 2.738 loading class java/util/concurrent/ConcurrentLinkedDeque$AbstractItr
Event: 2.738 loading class java/util/concurrent/ConcurrentLinkedDeque$AbstractItr done
Event: 2.738 loading class java/util/concurrent/ConcurrentLinkedDeque$Itr done


Dynamic libraries:
0x00007ff64e510000 - 0x00007ff64e520000 	C:\Program Files\Java\jdk-17\bin\java.exe
0x00007ffc1b800000 - 0x00007ffc1ba66000 	C:\WINDOWS\SYSTEM32\ntdll.dll
0x00007ffc1a660000 - 0x00007ffc1a729000 	C:\WINDOWS\System32\KERNEL32.DLL
0x00007ffc18e30000 - 0x00007ffc191fc000 	C:\WINDOWS\System32\KERNELBASE.dll
0x00007ffc18c50000 - 0x00007ffc18d9b000 	C:\WINDOWS\System32\ucrtbase.dll
0x00007ffc12240000 - 0x00007ffc1225b000 	C:\Program Files\Java\jdk-17\bin\VCRUNTIME140.dll
0x00007ffc12220000 - 0x00007ffc12239000 	C:\Program Files\Java\jdk-17\bin\jli.dll
0x00007ffc19950000 - 0x00007ffc19a02000 	C:\WINDOWS\System32\ADVAPI32.dll
0x00007ffc197a0000 - 0x00007ffc19849000 	C:\WINDOWS\System32\msvcrt.dll
0x00007ffc1a530000 - 0x00007ffc1a5d6000 	C:\WINDOWS\System32\sechost.dll
0x00007ffc19a90000 - 0x00007ffc19ba6000 	C:\WINDOWS\System32\RPCRT4.dll
0x00007ffc19d20000 - 0x00007ffc19eea000 	C:\WINDOWS\System32\USER32.dll
0x00007ffc19410000 - 0x00007ffc19437000 	C:\WINDOWS\System32\win32u.dll
0x00007ffc1a880000 - 0x00007ffc1a8ab000 	C:\WINDOWS\System32\GDI32.dll
0x00007ffbf9690000 - 0x00007ffbf992a000 	C:\WINDOWS\WinSxS\amd64_microsoft.windows.common-controls_6595b64144ccf1df_6.0.26100.3912_none_3e07963ce335137e\COMCTL32.dll
0x00007ffc18990000 - 0x00007ffc18ac2000 	C:\WINDOWS\System32\gdi32full.dll
0x00007ffc19360000 - 0x00007ffc19403000 	C:\WINDOWS\System32\msvcp_win.dll
0x00007ffc11e70000 - 0x00007ffc11e7b000 	C:\WINDOWS\SYSTEM32\VERSION.dll
0x00007ffc1a840000 - 0x00007ffc1a870000 	C:\WINDOWS\System32\IMM32.DLL
0x00007ffc13530000 - 0x00007ffc1353c000 	C:\Program Files\Java\jdk-17\bin\vcruntime140_1.dll
0x00007ffbf9040000 - 0x00007ffbf90ce000 	C:\Program Files\Java\jdk-17\bin\msvcp140.dll
0x00007ffb6e300000 - 0x00007ffb6eee1000 	C:\Program Files\Java\jdk-17\bin\server\jvm.dll
0x00007ffc1a730000 - 0x00007ffc1a738000 	C:\WINDOWS\System32\PSAPI.DLL
0x00007ffc11b30000 - 0x00007ffc11b66000 	C:\WINDOWS\SYSTEM32\WINMM.dll
0x00007ffbd1ee0000 - 0x00007ffbd1eea000 	C:\WINDOWS\SYSTEM32\WSOCK32.dll
0x00007ffc1a5e0000 - 0x00007ffc1a654000 	C:\WINDOWS\System32\WS2_32.dll
0x00007ffc17750000 - 0x00007ffc1776a000 	C:\WINDOWS\SYSTEM32\kernel.appcore.dll
0x00007ffc13450000 - 0x00007ffc1345a000 	C:\Program Files\Java\jdk-17\bin\jimage.dll
0x00007ffc16250000 - 0x00007ffc16491000 	C:\WINDOWS\SYSTEM32\DBGHELP.DLL
0x00007ffc1b1d0000 - 0x00007ffc1b554000 	C:\WINDOWS\System32\combase.dll
0x00007ffc1b6d0000 - 0x00007ffc1b7b0000 	C:\WINDOWS\System32\OLEAUT32.dll
0x00007ffbfa990000 - 0x00007ffbfa9c9000 	C:\WINDOWS\SYSTEM32\dbgcore.DLL
0x00007ffc19200000 - 0x00007ffc19299000 	C:\WINDOWS\System32\bcryptPrimitives.dll
0x00007ffc12120000 - 0x00007ffc12145000 	C:\Program Files\Java\jdk-17\bin\java.dll
0x00007ffb9f330000 - 0x00007ffb9f407000 	C:\Program Files\Java\jdk-17\bin\jsvml.dll
0x00007ffc1aaa0000 - 0x00007ffc1b1cd000 	C:\WINDOWS\System32\SHELL32.dll
0x00007ffc18ad0000 - 0x00007ffc18c44000 	C:\WINDOWS\System32\wintypes.dll
0x00007ffc16640000 - 0x00007ffc16e96000 	C:\WINDOWS\SYSTEM32\windows.storage.dll
0x00007ffc1b560000 - 0x00007ffc1b64f000 	C:\WINDOWS\System32\SHCORE.dll
0x00007ffc1b660000 - 0x00007ffc1b6c9000 	C:\WINDOWS\System32\shlwapi.dll
0x00007ffc188a0000 - 0x00007ffc188cf000 	C:\WINDOWS\SYSTEM32\profapi.dll
0x00007ffc0f430000 - 0x00007ffc0f449000 	C:\Program Files\Java\jdk-17\bin\net.dll
0x00007ffc0f510000 - 0x00007ffc0f62e000 	C:\WINDOWS\SYSTEM32\WINHTTP.dll
0x00007ffc17cc0000 - 0x00007ffc17d2a000 	C:\WINDOWS\system32\mswsock.dll
0x00007ffc0dab0000 - 0x00007ffc0dac6000 	C:\Program Files\Java\jdk-17\bin\nio.dll
0x00007ffc0da90000 - 0x00007ffc0daa8000 	C:\Program Files\Java\jdk-17\bin\zip.dll
0x00007ffc12210000 - 0x00007ffc12220000 	C:\Program Files\Java\jdk-17\bin\verify.dll

dbghelp: loaded successfully - version: 4.0.5 - missing functions: none
symbol engine: initialized successfully - sym options: 0x614 - pdb path: .;C:\Program Files\Java\jdk-17\bin;C:\WINDOWS\SYSTEM32;C:\WINDOWS\WinSxS\amd64_microsoft.windows.common-controls_6595b64144ccf1df_6.0.26100.3912_none_3e07963ce335137e;C:\Program Files\Java\jdk-17\bin\server

VM Arguments:
java_command: c:\Users\paula\.vscode\extensions\salesforce.salesforce-vscode-slds-2.0.12\lsp-2.0.12-executable.jar --PORT=50954
java_class_path (initial): c:\Users\paula\.vscode\extensions\salesforce.salesforce-vscode-slds-2.0.12\lsp-2.0.12-executable.jar
Launcher Type: SUN_STANDARD

[Global flags]
     intx CICompilerCount                          = 4                                         {product} {ergonomic}
     uint ConcGCThreads                            = 3                                         {product} {ergonomic}
     uint G1ConcRefinementThreads                  = 10                                        {product} {ergonomic}
   size_t G1HeapRegionSize                         = 4194304                                   {product} {ergonomic}
    uintx GCDrainStackTargetSize                   = 64                                        {product} {ergonomic}
   size_t InitialHeapSize                          = 394264576                                 {product} {ergonomic}
   size_t MarkStackSize                            = 4194304                                   {product} {ergonomic}
   size_t MaxHeapSize                              = 6274678784                                {product} {ergonomic}
   size_t MaxNewSize                               = 3762290688                                {product} {ergonomic}
   size_t MinHeapDeltaBytes                        = 4194304                                   {product} {ergonomic}
   size_t MinHeapSize                              = 8388608                                   {product} {ergonomic}
    uintx NonNMethodCodeHeapSize                   = 5839372                                {pd product} {ergonomic}
    uintx NonProfiledCodeHeapSize                  = 122909434                              {pd product} {ergonomic}
    uintx ProfiledCodeHeapSize                     = 122909434                              {pd product} {ergonomic}
    uintx ReservedCodeCacheSize                    = 251658240                              {pd product} {ergonomic}
     bool SegmentedCodeCache                       = true                                      {product} {ergonomic}
   size_t SoftMaxHeapSize                          = 6274678784                             {manageable} {ergonomic}
     bool UseCompressedClassPointers               = true                           {product lp64_product} {ergonomic}
     bool UseCompressedOops                        = true                           {product lp64_product} {ergonomic}
     bool UseG1GC                                  = true                                      {product} {ergonomic}
     bool UseLargePagesIndividualAllocation        = false                                  {pd product} {ergonomic}

Logging:
Log output configuration:
 #0: stdout all=warning uptime,level,tags
 #1: stderr all=off uptime,level,tags

Environment Variables:
PATH=C:\Program Files (x86)\Razer Chroma SDK\bin;C:\Program Files\Razer Chroma SDK\bin;C:\Program Files (x86)\Razer\ChromaBroadcast\bin;C:\Program Files\Razer\ChromaBroadcast\bin;C:\Program Files\Common Files\Oracle\Java\javapath;C:\Program Files (x86)\Common Files\Oracle\Java\javapath;C:\Windows\system32;C:\Windows;C:\Windows\System32\Wbem;C:\Windows\System32\WindowsPowerShell\v1.0\;C:\Windows\System32\OpenSSH\;C:\Program Files (x86)\NVIDIA Corporation\PhysX\Common;C:\Program Files\NVIDIA Corporation\NVIDIA NvDLISR;C:\Program Files\Gemalto\Classic Client\BIN;C:\Program Files (x86)\Gemalto\Classic Client\BIN;C:\Program Files (x86)\IDEMIA\AWP\Dlls;C:\Program Files\IDEMIA\AWP\Dlls;C:\Program Files (x86)\eParaksts Token Signing\;C:\Users\paula\AppData\Local\Microsoft\WindowsApps;C:\WINDOWS\system32;C:\WINDOWS;C:\WINDOWS\System32\Wbem;C:\WINDOWS\System32\WindowsPowerShell\v1.0\;C:\WINDOWS\System32\OpenSSH\;C:\msys64\mingw64\bin;C:\Program Files\Azure Data Studio\bin;C:\Program Files (x86)\Microsoft SQL Server\160\Tools\Binn\;C:\Program Files\Microsoft SQL Server\160\Tools\Binn\;C:\Program Files\Microsoft SQL Server\Client SDK\ODBC\170\Tools\Binn\;C:\Program Files\Microsoft SQL Server\160\DTS\Binn\;C:\Wamp.NET\bin\2-php_8.1.9_x64;C:\Program Files\Microsoft SQL Server\150\Tools\Binn\;C:\Program Files\Git\cmd;C:\Program Files\TortoiseGit\bin;C:\Program Files\nodejs\;C:\Program Files (x86)\Windows Kits\10\Windows Performance Toolkit\;C:\Users\paula\Downloads\apache-maven-3.9.9\bin;C:\Users\paula\AppData\Local\Programs\Python\Python313\Scripts\;C:\Users\paula\AppData\Local\Programs\Python\Python313\;C:\Users\paula\AppData\Local\Programs\Python\Launcher\;C:\Users\paula\AppData\Local\Microsoft\WindowsApps;C:\Users\paula\AppData\Local\Programs\Microsoft VS Code\bin;C:\Program Files\Azure Data Studio\bin;C:\Users\paula\AppData\Roaming\npm;C:\Program Files\sf\bin;;C:\Program Files\JetBrains\IntelliJ IDEA 2025.1.1.1\bin;
USERNAME=paula
OS=Windows_NT
PROCESSOR_IDENTIFIER=AMD64 Family 23 Model 96 Stepping 1, AuthenticAMD



---------------  S Y S T E M  ---------------

OS:
 Windows 11 , 64 bit Build 26100 (10.0.26100.3912)
OS uptime: 0 days 1:15 hours

CPU: total 12 (initial active 12) (12 cores per cpu, 2 threads per core) family 23 model 96 stepping 1 microcode 0x8600104, cx8, cmov, fxsr, ht, mmx, 3dnowpref, sse, sse2, sse3, ssse3, sse4a, sse4.1, sse4.2, popcnt, lzcnt, tsc, tscinvbit, avx, avx2, aes, clmul, bmi1, bmi2, adx, sha, fma, vzeroupper, clflush, clflushopt

Memory: 4k page, system-wide physical 23933M (14220M free)
TotalPageFile size 32125M (AvailPageFile size 9M)
current process WorkingSet (physical memory assigned to process): 165M, peak: 165M
current process commit charge ("private bytes"): 552M, peak: 553M

vm_info: Java HotSpot(TM) 64-Bit Server VM (17.0.9+11-LTS-201) for windows-amd64 JRE (17.0.9+11-LTS-201), built on Oct 10 2023 23:16:06 by "mach5one" with MS VC++ 17.1 (VS2022)

END.
